(2018-10-31 20:54:24; main.py:23) INFO:__main__: START MAIN:Begin Process
(2018-10-31 20:54:24; run_postgres_updates.py:15) INFO:run_postgres_updates: UPDATE: T_FACT_ITEM
(2018-10-31 21:00:03; run_postgres_updates.py:22) INFO:run_postgres_updates: UPDATE: T_FACT_ORDER
(2018-10-31 21:03:12; run_postgres_updates.py:32) INFO:run_postgres_updates: UPDATE: T_FACT_CUSTOMER
(2018-10-31 21:07:28; run_postgres_updates.py:43) INFO:run_postgres_updates: UPDATE: T_FACT_CUSTOMER_SEGMENT_HISTORY
(2018-10-31 21:07:51; completed_email.py:25) INFO:completed_email: Write SQL resuts to file
(2018-11-01 05:13:04; cron_main.py:23) INFO:__main__: START MAIN:Begin Process
(2018-11-01 05:13:04; sftp_get_files.py:21) INFO:sftp_get_files: SFTP Connection:Send credentials
(2018-11-01 05:13:04; transport.py:1687) DEBUG:paramiko.transport: starting thread (client mode): 0xe70bccc0
(2018-11-01 05:13:04; transport.py:1687) DEBUG:paramiko.transport: Local version/idstring: SSH-2.0-paramiko_2.4.1
(2018-11-01 05:13:04; transport.py:1687) DEBUG:paramiko.transport: Remote version/idstring: SSH-2.0-Syncplify_Me_Server
(2018-11-01 05:13:04; transport.py:1687) INFO:paramiko.transport: Connected (version 2.0, client Syncplify_Me_Server)
(2018-11-01 05:13:04; transport.py:1687) DEBUG:paramiko.transport: kex algos:['diffie-hellman-group-exchange-sha1', 'diffie-hellman-group1-sha1', 'diffie-hellman-group14-sha1'] server key:['ssh-rsa', 'ecdsa-sha2-nistp521'] client encrypt:['blowfish-cbc', 'twofish256-cbc', 'twofish192-cbc', 'twofish128-cbc', 'aes256-cbc', 'aes192-cbc', 'aes128-cbc', 'serpent256-cbc', 'serpent192-cbc', 'serpent128-cbc', 'arcfour', 'idea-cbc', 'cast128-cbc', 'aes128-ctr', 'aes192-ctr', 'aes256-ctr', 'blowfish-ctr', 'twofish128-ctr', 'twofish192-ctr', 'twofish256-ctr', 'serpent128-ctr', 'serpent192-ctr', 'serpent256-ctr', 'idea-ctr', 'cast128-ctr', 'arcfour128', 'arcfour256'] server encrypt:['blowfish-cbc', 'twofish256-cbc', 'twofish192-cbc', 'twofish128-cbc', 'aes256-cbc', 'aes192-cbc', 'aes128-cbc', 'serpent256-cbc', 'serpent192-cbc', 'serpent128-cbc', 'arcfour', 'idea-cbc', 'cast128-cbc', 'aes128-ctr', 'aes192-ctr', 'aes256-ctr', 'blowfish-ctr', 'twofish128-ctr', 'twofish192-ctr', 'twofish256-ctr', 'serpent128-ctr', 'serpent192-ctr', 'serpent256-ctr', 'idea-ctr', 'cast128-ctr', 'arcfour128', 'arcfour256'] client mac:['hmac-sha1', 'hmac-ripemd160', 'hmac-ripemd', 'hmac-ripemd160@openssh.com', 'hmac-sha256@ssh.com', 'umac-32@openssh.com', 'umac-64@openssh.com', 'umac-96@openssh.com', 'umac-128@openssh.com', 'hmac-sha2-256', 'hmac-sha2-512'] server mac:['hmac-sha1', 'hmac-ripemd160', 'hmac-ripemd', 'hmac-ripemd160@openssh.com', 'hmac-sha256@ssh.com', 'umac-32@openssh.com', 'umac-64@openssh.com', 'umac-96@openssh.com', 'umac-128@openssh.com', 'hmac-sha2-256', 'hmac-sha2-512'] client compress:['none', 'zlib', 'zlib@openssh.com'] server compress:['none', 'zlib', 'zlib@openssh.com'] client lang:[''] server lang:[''] kex follows?False
(2018-11-01 05:13:04; transport.py:1687) DEBUG:paramiko.transport: Kex agreed: diffie-hellman-group-exchange-sha1
(2018-11-01 05:13:04; transport.py:1687) DEBUG:paramiko.transport: HostKey agreed: ecdsa-sha2-nistp521
(2018-11-01 05:13:04; transport.py:1687) DEBUG:paramiko.transport: Cipher agreed: aes128-ctr
(2018-11-01 05:13:04; transport.py:1687) DEBUG:paramiko.transport: MAC agreed: hmac-sha2-256
(2018-11-01 05:13:04; transport.py:1687) DEBUG:paramiko.transport: Compression agreed: none
(2018-11-01 05:13:04; transport.py:1687) DEBUG:paramiko.transport: Got server p (2048 bits)
(2018-11-01 05:13:05; transport.py:1687) DEBUG:paramiko.transport: kex engine KexGex specified hash_algo <built-in function openssl_sha1>
(2018-11-01 05:13:05; transport.py:1687) DEBUG:paramiko.transport: Switch to new keys ...
(2018-11-01 05:13:05; transport.py:1687) DEBUG:paramiko.transport: Host key verified (ecdsa-sha2-nistp521)
(2018-11-01 05:13:05; transport.py:1687) DEBUG:paramiko.transport: Attempting password auth...
(2018-11-01 05:13:05; transport.py:1687) DEBUG:paramiko.transport: userauth is OK
(2018-11-01 05:13:05; transport.py:1687) INFO:paramiko.transport: Auth banner: b'Syncplify.me Server! v4.2.5.465 SSH-2/SFTP Service Ready\r\n'
(2018-11-01 05:13:05; transport.py:1687) INFO:paramiko.transport: Authentication (password) successful!
(2018-11-01 05:13:05; sftp_get_files.py:25) INFO:sftp_get_files: SFTP Connection:SUCCESS
(2018-11-01 05:13:05; channel.py:1184) DEBUG:paramiko.transport: [chan 0] Max packet in: 32768 bytes
(2018-11-01 05:13:05; channel.py:1184) DEBUG:paramiko.transport: [chan 0] Max packet out: 32768 bytes
(2018-11-01 05:13:05; transport.py:1687) DEBUG:paramiko.transport: Secsh channel 0 opened.
(2018-11-01 05:13:05; channel.py:1184) DEBUG:paramiko.transport: [chan 0] Sesch channel 0 request ok
(2018-11-01 05:13:05; sftp.py:131) INFO:paramiko.transport.sftp: [chan 0] Opened sftp connection (server version 3)
(2018-11-01 05:13:05; sftp.py:131) DEBUG:paramiko.transport.sftp: [chan 0] listdir(b'/')
(2018-11-01 05:13:05; sftp.py:131) DEBUG:paramiko.transport.sftp: [chan 0] stat(b'/vb-cancelled-201810310000-201810312359.csv')
(2018-11-01 05:13:05; sftp.py:131) DEBUG:paramiko.transport.sftp: [chan 0] open(b'/vb-cancelled-201810310000-201810312359.csv', 'rb')
(2018-11-01 05:13:05; sftp.py:131) DEBUG:paramiko.transport.sftp: [chan 0] open(b'/vb-cancelled-201810310000-201810312359.csv', 'rb') -> 00000000
(2018-11-01 05:13:05; sftp.py:131) DEBUG:paramiko.transport.sftp: [chan 0] close(00000000)
(2018-11-01 05:13:05; sftp_get_files.py:37) INFO:sftp_get_files: RETRIEVED SFTP FILE: vb-cancelled-201810310000-201810312359.csv
(2018-11-01 05:13:05; sftp.py:131) DEBUG:paramiko.transport.sftp: [chan 0] remove(b'/vb-cancelled-201810310000-201810312359.csv')
(2018-11-01 05:13:05; sftp_get_files.py:39) INFO:sftp_get_files: REMOVED SFTP FILE: vb-cancelled-201810310000-201810312359.csv
(2018-11-01 05:13:05; sftp.py:131) DEBUG:paramiko.transport.sftp: [chan 0] stat(b'/vb-fulfilled-201810310000-201810312359.csv')
(2018-11-01 05:13:05; sftp.py:131) DEBUG:paramiko.transport.sftp: [chan 0] open(b'/vb-fulfilled-201810310000-201810312359.csv', 'rb')
(2018-11-01 05:13:05; sftp.py:131) DEBUG:paramiko.transport.sftp: [chan 0] open(b'/vb-fulfilled-201810310000-201810312359.csv', 'rb') -> 00000000
(2018-11-01 05:13:05; sftp.py:131) DEBUG:paramiko.transport.sftp: [chan 0] close(00000000)
(2018-11-01 05:13:05; sftp_get_files.py:37) INFO:sftp_get_files: RETRIEVED SFTP FILE: vb-fulfilled-201810310000-201810312359.csv
(2018-11-01 05:13:05; sftp.py:131) DEBUG:paramiko.transport.sftp: [chan 0] remove(b'/vb-fulfilled-201810310000-201810312359.csv')
(2018-11-01 05:13:05; sftp_get_files.py:39) INFO:sftp_get_files: REMOVED SFTP FILE: vb-fulfilled-201810310000-201810312359.csv
(2018-11-01 05:13:05; sftp_get_files.py:43) INFO:sftp_get_files: SFTP Connection:CLOSED
(2018-11-01 05:13:05; sftp.py:131) INFO:paramiko.transport.sftp: [chan 0] sftp session closed.
(2018-11-01 05:13:05; channel.py:1184) DEBUG:paramiko.transport: [chan 0] EOF sent (0)
(2018-11-01 05:13:05; process_files.py:30) INFO:process_files: STARTED: Loading fulfilled files
(2018-11-01 05:13:05; transport.py:1687) DEBUG:paramiko.transport: EOF in transport thread
(2018-11-01 05:13:05; process_files.py:31) INFO:process_files: LOAD FILE:vb-fulfilled-201810310000-201810312359.csv
(2018-11-01 05:13:05; load_csv_file.py:23) INFO:load_csv_file: IMPORT FILE:Connecting to database
(2018-11-01 05:13:05; load_csv_file.py:28) INFO:load_csv_file: IMPORT FILE:Loaded file ./data/vb-fulfilled-201810310000-201810312359.csv to dataframe
(2018-11-01 05:13:07; load_csv_file.py:35) INFO:load_csv_file: IMPORT FILE:Inserted dataframe into loading table file_load_fulfilled
(2018-11-01 05:13:08; process_files.py:42) INFO:process_files: FINISHED: Loading fulfilled files
(2018-11-01 05:13:08; process_files.py:52) INFO:process_files: STARTED: Loading cancelled files
(2018-11-01 05:13:08; process_files.py:53) INFO:process_files: LOAD FILE:vb-cancelled-201810310000-201810312359.csv
(2018-11-01 05:13:08; load_csv_file.py:23) INFO:load_csv_file: IMPORT FILE:Connecting to database
(2018-11-01 05:13:09; load_csv_file.py:28) INFO:load_csv_file: IMPORT FILE:Loaded file ./data/vb-cancelled-201810310000-201810312359.csv to dataframe
(2018-11-01 05:13:09; load_csv_file.py:35) INFO:load_csv_file: IMPORT FILE:Inserted dataframe into loading table file_load_cancelled
(2018-11-01 05:13:09; process_files.py:64) INFO:process_files: FINISHED: Loading cancelled files
(2018-11-01 05:13:09; run_postgres_updates.py:15) INFO:run_postgres_updates: UPDATE: T_FACT_ITEM
(2018-11-01 05:16:41; run_postgres_updates.py:22) INFO:run_postgres_updates: UPDATE: T_FACT_ORDER
(2018-11-01 05:19:50; run_postgres_updates.py:32) INFO:run_postgres_updates: UPDATE: T_FACT_CUSTOMER
(2018-11-01 05:21:25; run_postgres_updates.py:43) INFO:run_postgres_updates: UPDATE: T_FACT_CUSTOMER_SEGMENT_HISTORY
(2018-11-01 05:22:06; completed_email.py:25) INFO:completed_email: Write SQL resuts to file
